09:58:58 - INFO - Guard here! It looks like your project has a Gemfile, yet you are running
> [#] `guard` outside of Bundler. If this is your intent, feel free to ignore this
> [#] message. Otherwise, consider using `bundle exec guard` to ensure your
> [#] dependencies are loaded correctly.
> [#] (You can run `guard` with --no-bundler-warning to get rid of this message.)
09:58:58 - INFO - Guard is using NotifySend to send notifications.
09:58:58 - INFO - Guard is using TerminalTitle to send notifications.
09:58:58 - INFO - Guard::RSpec is running
09:58:58 - INFO - Guard is now watching at '/home/grit/Programming/padrino-projects/job-vacancy'
[1] guard(main)> [1] guard(main)> [1] guard(main)> [1] guard(main)> [1] guard(main)> [0GError: Bad file descriptor - read
/home/grit/.gem/ruby/2.1.2/gems/pry-0.10.1/lib/pry/repl.rb:198:in `readline'
/home/grit/.gem/ruby/2.1.2/gems/pry-0.10.1/lib/pry/repl.rb:198:in `block in input_readline'
/home/grit/.gem/ruby/2.1.2/gems/pry-0.10.1/lib/pry/input_lock.rb:115:in `call'
/home/grit/.gem/ruby/2.1.2/gems/pry-0.10.1/lib/pry/input_lock.rb:115:in `interruptible_region'
/home/grit/.gem/ruby/2.1.2/gems/pry-0.10.1/lib/pry/repl.rb:197:in `input_readline'
/home/grit/.gem/ruby/2.1.2/gems/pry-0.10.1/lib/pry/repl.rb:183:in `block in read_line'
/home/grit/.gem/ruby/2.1.2/gems/pry-0.10.1/lib/pry/repl.rb:129:in `handle_read_errors'
/home/grit/.gem/ruby/2.1.2/gems/pry-0.10.1/lib/pry/repl.rb:170:in `read_line'
/home/grit/.gem/ruby/2.1.2/gems/pry-0.10.1/lib/pry/repl.rb:98:in `read'
/home/grit/.gem/ruby/2.1.2/gems/pry-0.10.1/lib/pry/repl.rb:68:in `block in repl'
/home/grit/.gem/ruby/2.1.2/gems/pry-0.10.1/lib/pry/repl.rb:67:in `loop'
/home/grit/.gem/ruby/2.1.2/gems/pry-0.10.1/lib/pry/repl.rb:67:in `repl'
/home/grit/.gem/ruby/2.1.2/gems/pry-0.10.1/lib/pry/repl.rb:38:in `block in start'
/home/grit/.gem/ruby/2.1.2/gems/pry-0.10.1/lib/pry/input_lock.rb:61:in `call'
/home/grit/.gem/ruby/2.1.2/gems/pry-0.10.1/lib/pry/input_lock.rb:61:in `__with_ownership'
/home/grit/.gem/ruby/2.1.2/gems/pry-0.10.1/lib/pry/input_lock.rb:79:in `with_ownership'
/home/grit/.gem/ruby/2.1.2/gems/pry-0.10.1/lib/pry/repl.rb:38:in `start'
/home/grit/.gem/ruby/2.1.2/gems/pry-0.10.1/lib/pry/repl.rb:15:in `start'
/home/grit/.gem/ruby/2.1.2/gems/pry-0.10.1/lib/pry/pry_class.rb:169:in `start'
/home/grit/.gem/ruby/2.1.2/gems/guard-2.6.1/lib/guard/interactor.rb:133:in `block in start'
Error: Bad file descriptor - read
/home/grit/.gem/ruby/2.1.2/gems/pry-0.10.1/lib/pry/repl.rb:198:in `readline'
/home/grit/.gem/ruby/2.1.2/gems/pry-0.10.1/lib/pry/repl.rb:198:in `block in input_readline'
/home/grit/.gem/ruby/2.1.2/gems/pry-0.10.1/lib/pry/input_lock.rb:115:in `call'
/home/grit/.gem/ruby/2.1.2/gems/pry-0.10.1/lib/pry/input_lock.rb:115:in `interruptible_region'
/home/grit/.gem/ruby/2.1.2/gems/pry-0.10.1/lib/pry/repl.rb:197:in `input_readline'
/home/grit/.gem/ruby/2.1.2/gems/pry-0.10.1/lib/pry/repl.rb:183:in `block in read_line'
/home/grit/.gem/ruby/2.1.2/gems/pry-0.10.1/lib/pry/repl.rb:129:in `handle_read_errors'
/home/grit/.gem/ruby/2.1.2/gems/pry-0.10.1/lib/pry/repl.rb:170:in `read_line'
/home/grit/.gem/ruby/2.1.2/gems/pry-0.10.1/lib/pry/repl.rb:98:in `read'
/home/grit/.gem/ruby/2.1.2/gems/pry-0.10.1/lib/pry/repl.rb:68:in `block in repl'
/home/grit/.gem/ruby/2.1.2/gems/pry-0.10.1/lib/pry/repl.rb:67:in `loop'
/home/grit/.gem/ruby/2.1.2/gems/pry-0.10.1/lib/pry/repl.rb:67:in `repl'
/home/grit/.gem/ruby/2.1.2/gems/pry-0.10.1/lib/pry/repl.rb:38:in `block in start'
/home/grit/.gem/ruby/2.1.2/gems/pry-0.10.1/lib/pry/input_lock.rb:61:in `call'
/home/grit/.gem/ruby/2.1.2/gems/pry-0.10.1/lib/pry/input_lock.rb:61:in `__with_ownership'
/home/grit/.gem/ruby/2.1.2/gems/pry-0.10.1/lib/pry/input_lock.rb:79:in `with_ownership'
/home/grit/.gem/ruby/2.1.2/gems/pry-0.10.1/lib/pry/repl.rb:38:in `start'
/home/grit/.gem/ruby/2.1.2/gems/pry-0.10.1/lib/pry/repl.rb:15:in `start'
/home/grit/.gem/ruby/2.1.2/gems/pry-0.10.1/lib/pry/pry_class.rb:169:in `start'
/home/grit/.gem/ruby/2.1.2/gems/guard-2.6.1/lib/guard/interactor.rb:133:in `block in start'
Error: Bad file descriptor - read
/home/grit/.gem/ruby/2.1.2/gems/pry-0.10.1/lib/pry/repl.rb:198:in `readline'
/home/grit/.gem/ruby/2.1.2/gems/pry-0.10.1/lib/pry/repl.rb:198:in `block in input_readline'
/home/grit/.gem/ruby/2.1.2/gems/pry-0.10.1/lib/pry/input_lock.rb:115:in `call'
/home/grit/.gem/ruby/2.1.2/gems/pry-0.10.1/lib/pry/input_lock.rb:115:in `interruptible_region'
/home/grit/.gem/ruby/2.1.2/gems/pry-0.10.1/lib/pry/repl.rb:197:in `input_readline'
/home/grit/.gem/ruby/2.1.2/gems/pry-0.10.1/lib/pry/repl.rb:183:in `block in read_line'
/home/grit/.gem/ruby/2.1.2/gems/pry-0.10.1/lib/pry/repl.rb:129:in `handle_read_errors'
/home/grit/.gem/ruby/2.1.2/gems/pry-0.10.1/lib/pry/repl.rb:170:in `read_line'
/home/grit/.gem/ruby/2.1.2/gems/pry-0.10.1/lib/pry/repl.rb:98:in `read'
/home/grit/.gem/ruby/2.1.2/gems/pry-0.10.1/lib/pry/repl.rb:68:in `block in repl'
/home/grit/.gem/ruby/2.1.2/gems/pry-0.10.1/lib/pry/repl.rb:67:in `loop'
/home/grit/.gem/ruby/2.1.2/gems/pry-0.10.1/lib/pry/repl.rb:67:in `repl'
/home/grit/.gem/ruby/2.1.2/gems/pry-0.10.1/lib/pry/repl.rb:38:in `block in start'
/home/grit/.gem/ruby/2.1.2/gems/pry-0.10.1/lib/pry/input_lock.rb:61:in `call'
/home/grit/.gem/ruby/2.1.2/gems/pry-0.10.1/lib/pry/input_lock.rb:61:in `__with_ownership'
/home/grit/.gem/ruby/2.1.2/gems/pry-0.10.1/lib/pry/input_lock.rb:79:in `with_ownership'
/home/grit/.gem/ruby/2.1.2/gems/pry-0.10.1/lib/pry/repl.rb:38:in `start'
/home/grit/.gem/ruby/2.1.2/gems/pry-0.10.1/lib/pry/repl.rb:15:in `start'
/home/grit/.gem/ruby/2.1.2/gems/pry-0.10.1/lib/pry/pry_class.rb:169:in `start'
/home/grit/.gem/ruby/2.1.2/gems/guard-2.6.1/lib/guard/interactor.rb:133:in `block in start'
Error: Bad file descriptor - read
/home/grit/.gem/ruby/2.1.2/gems/pry-0.10.1/lib/pry/repl.rb:198:in `readline'
/home/grit/.gem/ruby/2.1.2/gems/pry-0.10.1/lib/pry/repl.rb:198:in `block in input_readline'
/home/grit/.gem/ruby/2.1.2/gems/pry-0.10.1/lib/pry/input_lock.rb:115:in `call'
/home/grit/.gem/ruby/2.1.2/gems/pry-0.10.1/lib/pry/input_lock.rb:115:in `interruptible_region'
/home/grit/.gem/ruby/2.1.2/gems/pry-0.10.1/lib/pry/repl.rb:197:in `input_readline'
/home/grit/.gem/ruby/2.1.2/gems/pry-0.10.1/lib/pry/repl.rb:183:in `block in read_line'
/home/grit/.gem/ruby/2.1.2/gems/pry-0.10.1/lib/pry/repl.rb:129:in `handle_read_errors'
/home/grit/.gem/ruby/2.1.2/gems/pry-0.10.1/lib/pry/repl.rb:170:in `read_line'
/home/grit/.gem/ruby/2.1.2/gems/pry-0.10.1/lib/pry/repl.rb:98:in `read'
/home/grit/.gem/ruby/2.1.2/gems/pry-0.10.1/lib/pry/repl.rb:68:in `block in repl'
/home/grit/.gem/ruby/2.1.2/gems/pry-0.10.1/lib/pry/repl.rb:67:in `loop'
/home/grit/.gem/ruby/2.1.2/gems/pry-0.10.1/lib/pry/repl.rb:67:in `repl'
/home/grit/.gem/ruby/2.1.2/gems/pry-0.10.1/lib/pry/repl.rb:38:in `block in start'
/home/grit/.gem/ruby/2.1.2/gems/pry-0.10.1/lib/pry/input_lock.rb:61:in `call'
/home/grit/.gem/ruby/2.1.2/gems/pry-0.10.1/lib/pry/input_lock.rb:61:in `__with_ownership'
/home/grit/.gem/ruby/2.1.2/gems/pry-0.10.1/lib/pry/input_lock.rb:79:in `with_ownership'
/home/grit/.gem/ruby/2.1.2/gems/pry-0.10.1/lib/pry/repl.rb:38:in `start'
/home/grit/.gem/ruby/2.1.2/gems/pry-0.10.1/lib/pry/repl.rb:15:in `start'
/home/grit/.gem/ruby/2.1.2/gems/pry-0.10.1/lib/pry/pry_class.rb:169:in `start'
/home/grit/.gem/ruby/2.1.2/gems/guard-2.6.1/lib/guard/interactor.rb:133:in `block in start'
Error: Bad file descriptor - read
/home/grit/.gem/ruby/2.1.2/gems/pry-0.10.1/lib/pry/repl.rb:198:in `readline'
/home/grit/.gem/ruby/2.1.2/gems/pry-0.10.1/lib/pry/repl.rb:198:in `block in input_readline'
/home/grit/.gem/ruby/2.1.2/gems/pry-0.10.1/lib/pry/input_lock.rb:115:in `call'
/home/grit/.gem/ruby/2.1.2/gems/pry-0.10.1/lib/pry/input_lock.rb:115:in `interruptible_region'
/home/grit/.gem/ruby/2.1.2/gems/pry-0.10.1/lib/pry/repl.rb:197:in `input_readline'
/home/grit/.gem/ruby/2.1.2/gems/pry-0.10.1/lib/pry/repl.rb:183:in `block in read_line'
/home/grit/.gem/ruby/2.1.2/gems/pry-0.10.1/lib/pry/repl.rb:129:in `handle_read_errors'
/home/grit/.gem/ruby/2.1.2/gems/pry-0.10.1/lib/pry/repl.rb:170:in `read_line'
/home/grit/.gem/ruby/2.1.2/gems/pry-0.10.1/lib/pry/repl.rb:98:in `read'
/home/grit/.gem/ruby/2.1.2/gems/pry-0.10.1/lib/pry/repl.rb:68:in `block in repl'
/home/grit/.gem/ruby/2.1.2/gems/pry-0.10.1/lib/pry/repl.rb:67:in `loop'
/home/grit/.gem/ruby/2.1.2/gems/pry-0.10.1/lib/pry/repl.rb:67:in `repl'
/home/grit/.gem/ruby/2.1.2/gems/pry-0.10.1/lib/pry/repl.rb:38:in `block in start'
/home/grit/.gem/ruby/2.1.2/gems/pry-0.10.1/lib/pry/input_lock.rb:61:in `call'
/home/grit/.gem/ruby/2.1.2/gems/pry-0.10.1/lib/pry/input_lock.rb:61:in `__with_ownership'
/home/grit/.gem/ruby/2.1.2/gems/pry-0.10.1/lib/pry/input_lock.rb:79:in `with_ownership'
/home/grit/.gem/ruby/2.1.2/gems/pry-0.10.1/lib/pry/repl.rb:38:in `start'
/home/grit/.gem/ruby/2.1.2/gems/pry-0.10.1/lib/pry/repl.rb:15:in `start'
/home/grit/.gem/ruby/2.1.2/gems/pry-0.10.1/lib/pry/pry_class.rb:169:in `start'
[0m09:58:59 - INFO - Bye bye...
/home/grit/.gem/ruby/2.1.2/gems/guard-2.6.1/lib/guard/interactor.rb:133:in `block in start'
FATAL: Pry failed to get user input using `Readline`.
To fix this you may be able to pass input and output file descriptors to pry directly. e.g.
  Pry.config.input = STDIN
  Pry.config.output = STDOUT
  binding.pry
]2;
